[09:20:37.264] [INFO] storybook v10.2.17
[09:20:37.691] [DEBUG] Getting package.json info for /home/cw/projects/designbook/packages/storybook-addon-designbook/package.json...
[09:20:38.225] [INFO] Starting...
[09:20:38.253] [WARN] No story files found for the specified pattern: .storybook/!../dist/**
[09:20:38.257] [WARN] No story files found for the specified pattern: src/**/*.mdx
[09:20:38.370] [DEBUG] Starting preview..
[09:20:38.387] [WARN] 🚨 Unable to index files:
- ./dist/pages/design-system.stories.jsx,./src/pages/design-system.stories.jsx: Duplicate stories with id: designbook-design-system--design-system
- ./dist/pages/foundation.stories.jsx,./src/pages/foundation.stories.jsx: Duplicate stories with id: designbook-foundation--foundation
- ./dist/pages/sections.stories.jsx,./src/pages/sections.stories.jsx: Duplicate stories with id: designbook-sections--sections
[09:20:38.390] [ERROR] Failed to build the preview
[09:20:38.391] [ERROR] Error: [38;2;241;97;97mUnable to index files:
- ./dist/pages/design-system.stories.jsx,./src/pages/design-system.stories.jsx: Duplicate stories with id: designbook-design-system--design-system
- ./dist/pages/foundation.stories.jsx,./src/pages/foundation.stories.jsx: Duplicate stories with id: designbook-foundation--foundation
- ./dist/pages/sections.stories.jsx,./src/pages/sections.stories.jsx: Duplicate stories with id: designbook-sections--sections[39m
    at _StoryIndexGenerator.getIndexAndStats (file:///home/cw/projects/designbook/node_modules/.pnpm/storybook@10.2.17_@testing-library+dom@10.4.1_prettier@3.8.1_react-dom@18.3.1_react@18.3.1__react@18.3.1/node_modules/storybook/dist/core-server/index.js:6097:15)
    at async _StoryIndexGenerator.getIndex (file:///home/cw/projects/designbook/node_modules/.pnpm/storybook@10.2.17_@testing-library+dom@10.4.1_prettier@3.8.1_react-dom@18.3.1_react@18.3.1__react@18.3.1/node_modules/storybook/dist/core-server/index.js:6076:13)
    at async getOptimizeDeps (file:///home/cw/projects/designbook/node_modules/.pnpm/@storybook+builder-vite@10.2.17_esbuild@0.27.3_rollup@4.57.1_storybook@10.2.17_@testing-libra_vvpwpadlwirg3bu4yznboigkga/node_modules/@storybook/builder-vite/dist/index.js:1857:15)
    at async createViteServer (file:///home/cw/projects/designbook/node_modules/.pnpm/@storybook+builder-vite@10.2.17_esbuild@0.27.3_rollup@4.57.1_storybook@10.2.17_@testing-libra_vvpwpadlwirg3bu4yznboigkga/node_modules/@storybook/builder-vite/dist/index.js:1884:19)
    at async Module.start (file:///home/cw/projects/designbook/node_modules/.pnpm/@storybook+builder-vite@10.2.17_esbuild@0.27.3_rollup@4.57.1_storybook@10.2.17_@testing-libra_vvpwpadlwirg3bu4yznboigkga/node_modules/@storybook/builder-vite/dist/index.js:1912:17)
    at async storybookDevServer (file:///home/cw/projects/designbook/node_modules/.pnpm/storybook@10.2.17_@testing-library+dom@10.4.1_prettier@3.8.1_react-dom@18.3.1_react@18.3.1__react@18.3.1/node_modules/storybook/dist/core-server/index.js:7295:83)
    at async buildOrThrow (file:///home/cw/projects/designbook/node_modules/.pnpm/storybook@10.2.17_@testing-library+dom@10.4.1_prettier@3.8.1_react-dom@18.3.1_react@18.3.1__react@18.3.1/node_modules/storybook/dist/core-server/index.js:4506:12)
    at async buildDevStandalone (file:///home/cw/projects/designbook/node_modules/.pnpm/storybook@10.2.17_@testing-library+dom@10.4.1_prettier@3.8.1_react-dom@18.3.1_react@18.3.1__react@18.3.1/node_modules/storybook/dist/core-server/index.js:7710:41)
    at async withTelemetry (file:///home/cw/projects/designbook/node_modules/.pnpm/storybook@10.2.17_@testing-library+dom@10.4.1_prettier@3.8.1_react-dom@18.3.1_react@18.3.1__react@18.3.1/node_modules/storybook/dist/_node-chunks/chunk-FTTIUZEI.js:218:12)
    at async dev (file:///home/cw/projects/designbook/node_modules/.pnpm/storybook@10.2.17_@testing-library+dom@10.4.1_prettier@3.8.1_react-dom@18.3.1_react@18.3.1__react@18.3.1/node_modules/storybook/dist/bin/core.js:2734:3)
[09:20:38.398] [WARN] Broken build, fix the error above.
You may need to refresh the browser.